word number: 18258
fig identifier: "fig-uartwork"
fig identifier: "fig-mqttintcp"
fig identifier: "fig-mqtt2iot"
tbl identifier: "tbl-MQTTS"
tbl identifier: "tbl-connect"
tbl identifier: "tbl-MQTTP"
fig identifier: "fig-amqpwork"
fig identifier: "fig-esp12"
fig identifier: "fig-systemcase"
fig identifier: "fig-systemdeploy"
fig identifier: "fig-stcdata"
fig identifier: "fig-datasave"
fig identifier: "fig-uartcase"
tbl identifier: "tbl-uartGPIO"
fig identifier: "fig-uartinit"
eq identifier: "eq-t4low"
eq identifier: "eq-t4high"
fig identifier: "fig-uartsendchar"
fig identifier: "fig-uartsendstring"
fig identifier: "fig-espcase"
fig identifier: "fig-espinit"
tbl identifier: "tbl-sfr1"
tbl identifier: "tbl-sfr2"
eq identifier: "eq-time"
fig identifier: "fig-spring"
tbl identifier: "tbl-enti"
tbl identifier: "tbl-time"
tbl identifier: "tbl-topic"
fig identifier: "fig-dao"
tbl identifier: "tbl-mapper"
fig identifier: "fig-jstime"
fig identifier: "fig-shiwutu"
fig identifier: "fig-shiwutuwifi"
fig identifier: "fig-shiwutuoled"
fig identifier: "fig-shiwutuiot"
fig identifier: "fig-shiwutuspringlog"
fig identifier: "fig-shiwutumysql"
fig identifier: "fig-shiwutuexplore"
fig identifier: "fig-longtimems"
fig identifier: "fig-longtimepage"
