C51 COMPILER V9.57.0.0   DELAY                                                             03/26/2023 16:54:08 PAGE 1   


C51 COMPILER V9.57.0.0, COMPILATION OF MODULE DELAY
OBJECT MODULE PLACED IN .\Objects\delay.obj
COMPILER INVOKED BY: C:\Keil_v5\C51\BIN\C51.EXE include\delay.c LARGE OPTIMIZE(8,SPEED) BROWSE INCDIR(.\include) DEBUG O
                    -BJECTEXTEND PRINT(.\Listings\delay.lst) TABS(2) OBJECT(.\Objects\delay.obj)

line level    source

   1          /*************  功能说明  **************
   2          
   3          本文件为STC15xxx系列的延时程序,用户几乎可以不修改这个程序.
   4          
   5          
   6          ******************************************/
   7          
   8          #include "delay.h"
   9          
  10          
  11          
  12          //========================================================================
  13          // 函数: void  delay_ms(unsigned char ms)
  14          // 描述: 延时函数。
  15          // 参数: ms,要延时的ms数, 这里只支持1~255ms. 自动适应主时钟.
  16          // 返回: none.
  17          // 版本: VER1.0
  18          // 日期: 2013-4-1
  19          // 备注: 
  20          //========================================================================
  21          void  delay_ms(unsigned char ms)
  22          {
  23   1           unsigned int i;
  24   1        
  25   1        do
  26   1        {
  27   2          i = MAIN_Fosc / 13000;
  28   2          while(--i);//14T per loop
  29   2           }while(--ms);
  30   1      }
  31          
  32          void delay_10s()
  33          {
  34   1        delay_ms(1000); //延时
  35   1        delay_ms(1000);
  36   1        delay_ms(1000);
  37   1        delay_ms(1000);
  38   1        delay_ms(1000);
  39   1        delay_ms(1000);
  40   1        delay_ms(1000);
  41   1        delay_ms(1000);
  42   1        delay_ms(1000);
  43   1        delay_ms(1000);
  44   1        delay_ms(1000);
  45   1      }


MODULE INFORMATION:   STATIC OVERLAYABLE
   CODE SIZE        =     49    ----
   CONSTANT SIZE    =   ----    ----
   XDATA SIZE       =   ----    ----
   PDATA SIZE       =   ----    ----
   DATA SIZE        =   ----    ----
   IDATA SIZE       =   ----    ----
C51 COMPILER V9.57.0.0   DELAY                                                             03/26/2023 16:54:08 PAGE 2   

   BIT SIZE         =   ----    ----
END OF MODULE INFORMATION.


C51 COMPILATION COMPLETE.  0 WARNING(S),  0 ERROR(S)
