C51 COMPILER V9.57.0.0   MQTT                                                              03/29/2023 20:40:05 PAGE 1   


C51 COMPILER V9.57.0.0, COMPILATION OF MODULE MQTT
OBJECT MODULE PLACED IN .\Objects\mqtt.obj
COMPILER INVOKED BY: C:\Keil_v5\C51\BIN\C51.EXE include\mqtt.c LARGE OPTIMIZE(8,SPEED) BROWSE INCDIR(.\include) DEBUG OB
                    -JECTEXTEND PRINT(.\Listings\mqtt.lst) TABS(2) OBJECT(.\Objects\mqtt.obj)

line level    source

   1          #include "mqtt.h"
   2          
   3          char MQTTPublishData[] = {0x30 ,0x2E ,0x00 ,0x25 ,0x2F ,0x61 ,0x36 ,0x32 ,0x78 ,0x70 ,0x64 ,0x69 ,0x50 ,0x
             -6D ,0x57 ,0x64 ,0x2F ,0x35 ,0x31 ,0x53 ,0x65 ,0x63 ,0x6F ,0x6E ,0x64 ,0x54 ,0x65 ,0x73 ,0x74 ,0x2F ,0x75 ,0x73 ,0x65 ,0x
             -72 ,0x2F ,0x75 ,0x70 ,0x64 ,0x61 ,0x74 ,0x65 ,0x23 ,0x23 ,0x23 ,0x23 ,0x23 ,0x23 ,0x23};
   4          char MQTTPingData[] = {0xC0 ,0x00};
   5          char MQTTDisconnectData[] = {0xE0 ,0x00};
   6          
   7          
   8          unsigned char MQTTPublish(char *mqttdata)
   9          {
  10   1        MQTTPublishData[41] = mqttdata[0];
  11   1        MQTTPublishData[42] = mqttdata[1];
  12   1        MQTTPublishData[43] = mqttdata[2];
  13   1        MQTTPublishData[44] = mqttdata[3];
  14   1        MQTTPublishData[45] = mqttdata[4];
  15   1        MQTTPublishData[46] = mqttdata[5];
  16   1        MQTTPublishData[47] = mqttdata[6];
  17   1        espSend(48,MQTTPublishData);
  18   1        delay_ms(100);
  19   1        return 1;
  20   1      }
  21          unsigned char MQTTPing()
  22          {
  23   1        espSend(2,MQTTPingData);
  24   1        delay_ms(100);
  25   1        return 1;
  26   1      }
  27          unsigned char MQTTDisconnect()
  28          {
  29   1        espSend(2,MQTTDisconnectData);
  30   1        delay_ms(100);
  31   1        return 1;
  32   1      }


MODULE INFORMATION:   STATIC OVERLAYABLE
   CODE SIZE        =    130    ----
   CONSTANT SIZE    =   ----    ----
   XDATA SIZE       =     52    ----
   PDATA SIZE       =   ----    ----
   DATA SIZE        =   ----    ----
   IDATA SIZE       =   ----    ----
   BIT SIZE         =   ----    ----
END OF MODULE INFORMATION.


C51 COMPILATION COMPLETE.  0 WARNING(S),  0 ERROR(S)
