C51 COMPILER V9.57.0.0   MYKEY                                                             05/19/2023 19:40:30 PAGE 1   


C51 COMPILER V9.57.0.0, COMPILATION OF MODULE MYKEY
OBJECT MODULE PLACED IN .\Objects\myKey.obj
COMPILER INVOKED BY: C:\Keil_v5\C51\BIN\C51.EXE include\myKey.c LARGE OPTIMIZE(8,SPEED) BROWSE INCDIR(.\include) DEBUG O
                    -BJECTEXTEND PRINT(.\Listings\myKey.lst) TABS(2) OBJECT(.\Objects\myKey.obj)

line level    source

   1          #include "myKey.h"
   2          #include "GPIO.h"
   3          
   4          void myKeyInit(void)
   5          {
   6   1        GPIO_InitTypeDef GPIO_InitStructure;
   7   1        //上拉输入
   8   1        GPIO_InitStructure.Mode = GPIO_PullUp;    //指定IO的输入或输出方式,GPIO_PullUp,GPIO_HighZ,GPIO_OU
             -T_OD,GPIO_OUT_PP
   9   1        
  10   1        GPIO_InitStructure.Pin  = GPIO_Pin_2 | GPIO_Pin_3 | GPIO_Pin_4 | GPIO_Pin_5 | GPIO_Pin_6;   //指定要初
             -始化的IO, GPIO_Pin_2.3.4, Key0.1.2
  11   1        GPIO_Inilize(GPIO_P3, &GPIO_InitStructure); //初始化
  12   1        
  13   1        GPIO_InitStructure.Pin  = GPIO_Pin_0 | GPIO_Pin_1;    //指定要初始化的IO, GPIO_Pin_0 Key3
  14   1        GPIO_Inilize(GPIO_P5, &GPIO_InitStructure); //初始化
  15   1      }
  16          
  17          int getMyKeyData(char *wifi_send_buf)
  18          {
  19   1        int num = 0;
  20   1        wifi_send_buf[0] = '#';
  21   1        wifi_send_buf[1] = '#';
  22   1        wifi_send_buf[2] = '#';
  23   1        wifi_send_buf[3] = '#';
  24   1        wifi_send_buf[4] = '#';
  25   1        wifi_send_buf[5] = '#';
  26   1        wifi_send_buf[6] = '#';
  27   1      
  28   1        if(KEY0)
  29   1        {
  30   2          wifi_send_buf[0] = '0';
  31   2          num = num + 1 << 0;
  32   2        }
  33   1        if(KEY1)
  34   1        {
  35   2          wifi_send_buf[1] = '1';
  36   2          num = num + 1 << 1;
  37   2        }
  38   1        if(KEY2)
  39   1        {
  40   2          wifi_send_buf[2] = '2';
  41   2          num = num + 1 << 2;
  42   2        }
  43   1        if(KEY3)
  44   1        {
  45   2          wifi_send_buf[3] = '3';
  46   2          num = num + 1 << 3;
  47   2        }
  48   1        if(KEY4)
  49   1        {
  50   2          wifi_send_buf[4] = '4';
  51   2          num = num + 1 << 4;
  52   2        }
C51 COMPILER V9.57.0.0   MYKEY                                                             05/19/2023 19:40:30 PAGE 2   

  53   1        if(KEY5)
  54   1        {
  55   2          wifi_send_buf[5] = '5';
  56   2          num = num + 1 << 5;
  57   2        }
  58   1        if(KEY6)
  59   1        {
  60   2          wifi_send_buf[6] = '6';
  61   2          num = num + 1 << 6;
  62   2        }
  63   1        
  64   1        return num;
  65   1      }
*** WARNING C316 IN LINE 65 OF include\myKey.c: unterminated conditionals


MODULE INFORMATION:   STATIC OVERLAYABLE
   CODE SIZE        =    280    ----
   CONSTANT SIZE    =   ----    ----
   XDATA SIZE       =   ----       2
   PDATA SIZE       =   ----    ----
   DATA SIZE        =   ----    ----
   IDATA SIZE       =   ----    ----
   BIT SIZE         =   ----    ----
END OF MODULE INFORMATION.


C51 COMPILATION COMPLETE.  1 WARNING(S),  0 ERROR(S)
