C51 COMPILER V9.57.0.0   MAIN                                                              03/15/2023 21:39:45 PAGE 1   


C51 COMPILER V9.57.0.0, COMPILATION OF MODULE MAIN
OBJECT MODULE PLACED IN .\Objects\main.obj
COMPILER INVOKED BY: C:\Keil_v5\C51\BIN\C51.EXE main.c LARGE OPTIMIZE(8,SPEED) BROWSE INCDIR(.\include) DEBUG OBJECTEXTE
                    -ND PRINT(.\Listings\main.lst) TABS(2) OBJECT(.\Objects\main.obj)

line level    source

   1          #include  "config.h"
   2          #include "stdio.h"
   3          #include  "GPIO.h"
   4          #include  "delay.h"
   5          #include "uart1.h"
   6          #include "string.h"
   7          #include "myKey.h"
   8          #include "oled.h"
   9          
  10          void main()
  11          {
  12   1        unsigned char d, tempd;
  13   1        unsigned int i;
  14   1        unsigned int offset = 0;
  15   1        char str[] = "hello\r\n";
  16   1        i = 0;
  17   1        d = tempd = 0x00;
  18   1        
  19   1        myKeyInit();
  20   1        Uart1_Init();
  21   1        
  22   1        printf("go go go \r\n");
  23   1        
  24   1        OLED_Init();      //初始化OLED
  25   1        OLED_Clear();
  26   1        OLED_ShowString(0,0,"now push",12);
  27   1        
  28   1        while(1)
  29   1        {
  30   2          delay_ms(100);
  31   2          tempd = getMyKeyData();
  32   2          if(tempd != d)
  33   2          {
  34   3            d = tempd;
  35   3            
  36   3            printf("now push : ");
  37   3            
  38   3            for(i = 0 ; i < 7 ; i++)
  39   3            {
  40   4              if((tempd >> i) & 0x01 == 0x01)
  41   4              {
  42   5                printf("%d",i);
  43   5                OLED_ShowChar(i*8,4,'0'+i,12);
  44   5              }
  45   4              else
  46   4                OLED_ShowChar(i*8,4,' ',12);
  47   4            }
  48   3            printf("\r\n");
  49   3          }
  50   2        }
  51   1      }
*** WARNING C316 IN LINE 51 OF main.c: unterminated conditionals


C51 COMPILER V9.57.0.0   MAIN                                                              03/15/2023 21:39:45 PAGE 2   

MODULE INFORMATION:   STATIC OVERLAYABLE
   CODE SIZE        =    252    ----
   CONSTANT SIZE    =     47    ----
   XDATA SIZE       =   ----      14
   PDATA SIZE       =   ----    ----
   DATA SIZE        =   ----    ----
   IDATA SIZE       =   ----    ----
   BIT SIZE         =   ----    ----
END OF MODULE INFORMATION.


C51 COMPILATION COMPLETE.  1 WARNING(S),  0 ERROR(S)
