C51 COMPILER V9.57.0.0   MYKEY                                                             03/15/2023 21:00:24 PAGE 1   


C51 COMPILER V9.57.0.0, COMPILATION OF MODULE MYKEY
OBJECT MODULE PLACED IN .\Objects\myKey.obj
COMPILER INVOKED BY: C:\Keil_v5\C51\BIN\C51.EXE include\myKey.c LARGE OPTIMIZE(8,SPEED) BROWSE INCDIR(.\include) DEBUG O
                    -BJECTEXTEND PRINT(.\Listings\myKey.lst) TABS(2) OBJECT(.\Objects\myKey.obj)

line level    source

   1          #include "myKey.h"
   2          #include "GPIO.h"
   3          
   4          void myKeyInit(void)
   5          {
   6   1        GPIO_InitTypeDef GPIO_InitStructure;
   7   1        //上拉输入
   8   1        GPIO_InitStructure.Mode = GPIO_PullUp;    //指定IO的输入或输出方式,GPIO_PullUp,GPIO_HighZ,GPIO_OU
             -T_OD,GPIO_OUT_PP
   9   1        
  10   1        GPIO_InitStructure.Pin  = GPIO_Pin_2 | GPIO_Pin_3 | GPIO_Pin_4 | GPIO_Pin_5 | GPIO_Pin_6;   //指定要初
             -始化的IO, GPIO_Pin_2.3.4, Key0.1.2
  11   1        GPIO_Inilize(GPIO_P3, &GPIO_InitStructure); //初始化
  12   1        
  13   1        GPIO_InitStructure.Pin  = GPIO_Pin_0 | GPIO_Pin_1;    //指定要初始化的IO, GPIO_Pin_0 Key3
  14   1        GPIO_Inilize(GPIO_P5, &GPIO_InitStructure); //初始化
  15   1        
  16   1        myKeyData = 0x00;
  17   1      }
  18          
  19          unsigned char getMyKeyData(void)
  20          {
  21   1        if(KEY0)
  22   1        {
  23   2          myKeyData = myKeyData & ~(0x01 << 0);
  24   2        }else
  25   1        {
  26   2          myKeyData = myKeyData | (0x01 << 0);
  27   2        }
  28   1        if(KEY1)
  29   1        {
  30   2          myKeyData = myKeyData & ~(0x01 << 1);
  31   2        }else
  32   1        {
  33   2          myKeyData = myKeyData | (0x01 << 1);
  34   2        }
  35   1        if(KEY2)
  36   1        {
  37   2          myKeyData = myKeyData & ~(0x01 << 2);
  38   2        }else
  39   1        {
  40   2          myKeyData = myKeyData | (0x01 << 2);
  41   2        }
  42   1        if(KEY3)
  43   1        {
  44   2          myKeyData = myKeyData & ~(0x01 << 3);
  45   2        }else
  46   1        {
  47   2          myKeyData = myKeyData | (0x01 << 3);
  48   2        }
  49   1        if(KEY4)
  50   1        {
  51   2          myKeyData = myKeyData & ~(0x01 << 4);
  52   2        }else
C51 COMPILER V9.57.0.0   MYKEY                                                             03/15/2023 21:00:24 PAGE 2   

  53   1        {
  54   2          myKeyData = myKeyData | (0x01 << 4);
  55   2        }
  56   1        if(KEY5)
  57   1        {
  58   2          myKeyData = myKeyData & ~(0x01 << 5);
  59   2        }else
  60   1        {
  61   2          myKeyData = myKeyData | (0x01 << 5);
  62   2        }
  63   1        if(KEY6)
  64   1        {
  65   2          myKeyData = myKeyData & ~(0x01 << 6);
  66   2        }else
  67   1        {
  68   2          myKeyData = myKeyData | (0x01 << 6);
  69   2        }
  70   1        return myKeyData;
  71   1      }
*** WARNING C316 IN LINE 71 OF include\myKey.c: unterminated conditionals


MODULE INFORMATION:   STATIC OVERLAYABLE
   CODE SIZE        =    154    ----
   CONSTANT SIZE    =   ----    ----
   XDATA SIZE       =   ----       2
   PDATA SIZE       =   ----    ----
   DATA SIZE        =   ----    ----
   IDATA SIZE       =   ----    ----
   BIT SIZE         =   ----    ----
END OF MODULE INFORMATION.


C51 COMPILATION COMPLETE.  1 WARNING(S),  0 ERROR(S)
